
> ar-finance-system@1.0.0 dev
> vite --host 0.0.0.0 --port 5174 --strictPort


  [32m[1mVITE[22m v5.4.21[39m  [2mready in [0m[1m241[22m[2m[0m ms[22m

  [32m➜[39m  [1mLocal[22m:   [36mhttp://localhost:[1m5174[22m/[39m
  [32m➜[39m  [1mNetwork[22m: [36mhttp://192.168.100.173:[1m5174[22m/[39m
[2m1:38:56 PM[22m [36m[1m[vite][22m[39m [32mhmr update [39m[2m/src/components/ProtectedRoute.jsx, /src/index.css[22m
[2m1:42:51 PM[22m [36m[1m[vite][22m[39m [32mhmr update [39m[2m/src/pages/BillsManagement.jsx, /src/index.css[22m
[2m1:50:10 PM[22m [36m[1m[vite][22m[39m [32mhmr update [39m[2m/src/pages/BillsManagement.jsx, /src/index.css[22m
[2m1:50:20 PM[22m [36m[1m[vite][22m[39m [32mhmr update [39m[2m/src/pages/BillsManagement.jsx, /src/index.css[22m
[2m1:50:25 PM[22m [36m[1m[vite][22m[39m [32mhmr update [39m[2m/src/pages/BillsManagement.jsx, /src/index.css[22m
[2m1:51:00 PM[22m [36m[1m[vite][22m[39m [32mhmr update [39m[2m/src/pages/BillsManagement.jsx, /src/index.css[22m
[2m3:05:08 PM[22m [36m[1m[vite][22m[39m [32mhmr update [39m[2m/src/pages/DailySales.jsx, /src/index.css[22m
[2m3:05:23 PM[22m [36m[1m[vite][22m[39m [32mhmr update [39m[2m/src/pages/DailySales.jsx, /src/index.css[22m
[2m3:05:38 PM[22m [36m[1m[vite][22m[39m [32mhmr update [39m[2m/src/pages/DailySales.jsx, /src/index.css[22m
[2m3:06:11 PM[22m [36m[1m[vite][22m[39m [32mhmr update [39m[2m/src/pages/DailySales.jsx, /src/index.css[22m
[2m3:26:24 PM[22m [36m[1m[vite][22m[39m [32mhmr update [39m[2m/src/pages/DailySales.jsx, /src/index.css[22m
[2m3:26:51 PM[22m [36m[1m[vite][22m[39m [32mhmr update [39m[2m/src/pages/DailySales.jsx, /src/index.css[22m
[2m3:32:45 PM[22m [36m[1m[vite][22m[39m [32mhmr update [39m[2m/src/pages/DailySales.jsx, /src/index.css[22m
[2m3:41:44 PM[22m [36m[1m[vite][22m[39m [32mhmr update [39m[2m/src/pages/DebtManagement.jsx, /src/index.css[22m
[2m3:41:57 PM[22m [36m[1m[vite][22m[39m [32mhmr update [39m[2m/src/pages/DebtManagement.jsx, /src/index.css[22m
[2m3:46:33 PM[22m [36m[1m[vite][22m[39m [32mhmr update [39m[2m/src/pages/DebtManagement.jsx, /src/index.css[22m
[2m3:46:46 PM[22m [36m[1m[vite][22m[39m [32mhmr update [39m[2m/src/pages/DebtManagement.jsx, /src/index.css[22m
[2m4:53:28 PM[22m [36m[1m[vite][22m[39m [32mhmr update [39m[2m/src/pages/OutstandingDebt.jsx, /src/index.css[22m
[2m4:53:38 PM[22m [36m[1m[vite][22m[39m [32mhmr update [39m[2m/src/pages/OutstandingDebt.jsx, /src/index.css[22m
[2m4:57:39 PM[22m [36m[1m[vite][22m[39m [32mhmr update [39m[2m/src/pages/OutstandingDebt.jsx, /src/index.css[22m
[2m5:11:44 PM[22m [36m[1m[vite][22m[39m [32mhmr update [39m[2m/src/pages/OutstandingDebt.jsx, /src/index.css[22m
[2m5:12:53 PM[22m [36m[1m[vite][22m[39m [32mhmr update [39m[2m/src/pages/OutstandingDebt.jsx, /src/index.css[22m
[2m5:17:26 PM[22m [36m[1m[vite][22m[39m [32mhmr update [39m[2m/src/pages/OutstandingDebt.jsx, /src/index.css[22m
[2m5:24:41 PM[22m [36m[1m[vite][22m[39m [32mhmr update [39m[2m/src/pages/AgingReport.jsx, /src/index.css[22m
[2m5:25:13 PM[22m [36m[1m[vite][22m[39m [32mhmr update [39m[2m/src/pages/AgingReport.jsx, /src/index.css[22m
[2m5:27:26 PM[22m [36m[1m[vite][22m[39m [32mhmr update [39m[2m/src/pages/AgingReport.jsx, /src/index.css[22m
[2m5:29:00 PM[22m [36m[1m[vite][22m[39m [32mhmr update [39m[2m/src/pages/AgingReport.jsx, /src/index.css[22m
[2m5:36:23 PM[22m [36m[1m[vite][22m[39m [32mhmr update [39m[2m/src/pages/DebtManagement.jsx, /src/index.css[22m
[2m5:39:07 PM[22m [36m[1m[vite][22m[39m [32mhmr update [39m[2m/src/pages/DebtManagement.jsx, /src/index.css[22m
[2m5:39:22 PM[22m [36m[1m[vite][22m[39m [32mhmr update [39m[2m/src/pages/DebtManagement.jsx, /src/index.css[22m
[2m5:39:50 PM[22m [36m[1m[vite][22m[39m [32mhmr update [39m[2m/src/pages/DebtManagement.jsx, /src/index.css[22m
